[debug] [2021-02-06T08:28:13.783Z] ----------------------------------------------------------------------
[debug] [2021-02-06T08:28:13.785Z] Command:       C:\Program Files\nodejs\node.exe C:\Users\jovah\AppData\Roaming\npm\node_modules\firebase-tools\lib\bin\firebase.js init
[debug] [2021-02-06T08:28:13.786Z] CLI Version:   9.3.0
[debug] [2021-02-06T08:28:13.786Z] Platform:      win32
[debug] [2021-02-06T08:28:13.786Z] Node Version:  v14.15.4
[debug] [2021-02-06T08:28:13.788Z] Time:          Sat Feb 06 2021 02:28:13 GMT-0600 (hora estándar central)
[debug] [2021-02-06T08:28:13.788Z] ----------------------------------------------------------------------
[debug] [2021-02-06T08:28:13.789Z] 
[debug] [2021-02-06T08:28:13.797Z] > command requires scopes: ["email","openid","https://www.googleapis.com/auth/cloudplatformprojects.readonly","https://www.googleapis.com/auth/firebase","https://www.googleapis.com/auth/cloud-platform"]
[debug] [2021-02-06T08:28:13.798Z] > authorizing via signed-in user
[info] 
     ######## #### ########  ######## ########     ###     ######  ########
     ##        ##  ##     ## ##       ##     ##  ##   ##  ##       ##
     ######    ##  ########  ######   ########  #########  ######  ######
     ##        ##  ##    ##  ##       ##     ## ##     ##       ## ##
     ##       #### ##     ## ######## ########  ##     ##  ######  ########

You're about to initialize a Firebase project in this directory:

  C:\Users\jovah\Desktop\Webquest

[info] 
=== Project Setup
[info] 
[info] First, let's associate this project directory with a Firebase project.
[info] You can create multiple project aliases by running firebase use --add, 
[info] but for now we'll just set up a default project.
[info] 
[debug] [2021-02-06T08:29:46.671Z] >>> [apiv2][query] GET https://firebase.googleapis.com/v1beta1/projects pageSize=100
[debug] [2021-02-06T08:29:48.080Z] <<< [apiv2][status] GET https://firebase.googleapis.com/v1beta1/projects 200
[debug] [2021-02-06T08:29:48.080Z] <<< [apiv2][body] GET https://firebase.googleapis.com/v1beta1/projects [omitted]
[info] i  Using project artesvisulesmary (artesvisulesmary) 
[info] 
=== Hosting Setup
[info] 
[info] Your public directory is the folder (relative to your project directory) that
[info] will contain Hosting assets to be uploaded with firebase deploy. If you
[info] have a build process for your assets, use your build's output directory.
[info] 
[debug] [2021-02-06T08:30:42.413Z] >>> [apiv2][query] GET https://www.gstatic.com/firebasejs/releases.json [none]
[debug] [2021-02-06T08:30:44.222Z] <<< [apiv2][status] GET https://www.gstatic.com/firebasejs/releases.json 200
[debug] [2021-02-06T08:30:44.223Z] <<< [apiv2][body] GET https://www.gstatic.com/firebasejs/releases.json {"current":{"version":"8.2.6","browserURL":"https://www.gstatic.com/firebasejs/8.2.6/firebase.js","packageURL":"https://www.gstatic.com/firebasejs/8.2.6/firebase.tgz"},"live":{"version":"8.2","browserURL":"https://www.gstatic.com/firebasejs/live/8.2/firebase.js","packageURL":"https://www.gstatic.com/firebasejs/live/8.2/firebase.tgz"},"components":{"analytics":"https://www.gstatic.com/firebasejs/8.2.6/firebase-analytics.js","app":"https://www.gstatic.com/firebasejs/8.2.6/firebase-app.js","auth":"https://www.gstatic.com/firebasejs/8.2.6/firebase-auth.js","database":"https://www.gstatic.com/firebasejs/8.2.6/firebase-database.js","firestore":"https://www.gstatic.com/firebasejs/8.2.6/firebase-firestore.js","functions":"https://www.gstatic.com/firebasejs/8.2.6/firebase-functions.js","installations":"https://www.gstatic.com/firebasejs/8.2.6/firebase-installations.js","messaging":"https://www.gstatic.com/firebasejs/8.2.6/firebase-messaging.js","storage":"https://www.gstatic.com/firebasejs/8.2.6/firebase-storage.js","performance":"https://www.gstatic.com/firebasejs/8.2.6/firebase-performance.js","remote-config":"https://www.gstatic.com/firebasejs/8.2.6/firebase-remote-config.js","firestore.memory":"https://www.gstatic.com/firebasejs/8.2.6/firebase-firestore.memory.js"}}
[info] +  Wrote public/index.html 
[info] 
[info] i  Didn't detect a .git folder. Assuming C:\Users\jovah\Desktop\Webquest is the project root. 
[info] i  Authorizing with GitHub to upload your service account to a GitHub repository's secrets store. 
[info] 
[info] Visit this URL on this device to log in:
[info] https://github.com/login/oauth/authorize?client_id=89cf50f02ac6aaed3484&state=183544339&redirect_uri=http%3A%2F%2Flocalhost%3A9005&scope=read%3Auser%20repo%20public_repo
[info] 
[info] Waiting for authentication...
